# JRE version: OpenJDK Runtime Environment (8.0_242) (build 1.8.0_242-release-1644-b3-6222593)
# Java VM: OpenJDK 64-Bit Server VM (25.242-b3-6222593 mixed mode linux-amd64 compressed oops)
Heap:
 PSYoungGen      total 542720K, used 372970K [0x00000000d5580000, 0x00000000ffe80000, 0x0000000100000000)
  eden space 396288K, 90% used [0x00000000d5580000,0x00000000eb3d1b70,0x00000000ed880000)
  from space 146432K, 9% used [0x00000000ed880000,0x00000000ee668e10,0x00000000f6780000)
  to   space 142848K, 0% used [0x00000000f7300000,0x00000000f7300000,0x00000000ffe80000)
 ParOldGen       total 590336K, used 387024K [0x0000000080000000, 0x00000000a4080000, 0x00000000d5580000)
  object space 590336K, 65% used [0x0000000080000000,0x00000000979f4138,0x00000000a4080000)
 Metaspace       used 212209K, capacity 225650K, committed 225728K, reserved 1245184K
  class space    used 26871K, capacity 29394K, committed 29416K, reserved 1048576K
GC Heap History (10 events):
Event: 6363,385 GC heap before
{Heap before GC invocations=60 (full 7):
 PSYoungGen      total 535552K, used 424423K [0x00000000d5580000, 0x00000000fed00000, 0x0000000100000000)
  eden space 395776K, 99% used [0x00000000d5580000,0x00000000ed7fd638,0x00000000ed800000)
  from space 139776K, 20% used [0x00000000f6480000,0x00000000f807c728,0x00000000fed00000)
  to   space 141824K, 0% used [0x00000000ed800000,0x00000000ed800000,0x00000000f6280000)
 ParOldGen       total 590336K, used 295547K [0x0000000080000000, 0x00000000a4080000, 0x00000000d5580000)
  object space 590336K, 50% used [0x0000000080000000,0x000000009209edd0,0x00000000a4080000)
 Metaspace       used 207748K, capacity 219226K, committed 219456K, reserved 1241088K
  class space    used 26187K, capacity 28434K, committed 28520K, reserved 1048576K
Event: 6363,457 GC heap after
Heap after GC invocations=60 (full 7):
 PSYoungGen      total 537600K, used 6797K [0x00000000d5580000, 0x00000000ffe00000, 0x0000000100000000)
  eden space 395776K, 0% used [0x00000000d5580000,0x00000000d5580000,0x00000000ed800000)
  from space 141824K, 4% used [0x00000000ed800000,0x00000000edea3510,0x00000000f6280000)
  to   space 139776K, 0% used [0x00000000f7580000,0x00000000f7580000,0x00000000ffe00000)
 ParOldGen       total 590336K, used 303371K [0x0000000080000000, 0x00000000a4080000, 0x00000000d5580000)
  object space 590336K, 51% used [0x0000000080000000,0x0000000092842d48,0x00000000a4080000)
 Metaspace       used 207748K, capacity 219226K, committed 219456K, reserved 1241088K
  class space    used 26187K, capacity 28434K, committed 28520K, reserved 1048576K
}
Event: 6366,530 GC heap before
{Heap before GC invocations=61 (full 7):
 PSYoungGen      total 537600K, used 402573K [0x00000000d5580000, 0x00000000ffe00000, 0x0000000100000000)
  eden space 395776K, 100% used [0x00000000d5580000,0x00000000ed800000,0x00000000ed800000)
  from space 141824K, 4% used [0x00000000ed800000,0x00000000edea3510,0x00000000f6280000)
  to   space 139776K, 0% used [0x00000000f7580000,0x00000000f7580000,0x00000000ffe00000)
 ParOldGen       total 590336K, used 303371K [0x0000000080000000, 0x00000000a4080000, 0x00000000d5580000)
  object space 590336K, 51% used [0x0000000080000000,0x0000000092842d48,0x00000000a4080000)
 Metaspace       used 209742K, capacity 221260K, committed 221504K, reserved 1243136K
  class space    used 26458K, capacity 28705K, committed 28776K, reserved 1048576K
Event: 6366,806 GC heap after
Heap after GC invocations=61 (full 7):
 PSYoungGen      total 534528K, used 103971K [0x00000000d5580000, 0x0000000100000000, 0x0000000100000000)
  eden space 394752K, 0% used [0x00000000d5580000,0x00000000d5580000,0x00000000ed700000)
  from space 139776K, 74% used [0x00000000f7580000,0x00000000fdb08e88,0x00000000ffe00000)
  to   space 152064K, 0% used [0x00000000ed700000,0x00000000ed700000,0x00000000f6b80000)
 ParOldGen       total 590336K, used 303379K [0x0000000080000000, 0x00000000a4080000, 0x00000000d5580000)
  object space 590336K, 51% used [0x0000000080000000,0x0000000092844d48,0x00000000a4080000)
 Metaspace       used 209742K, capacity 221260K, committed 221504K, reserved 1243136K
  class space    used 26458K, capacity 28705K, committed 28776K, reserved 1048576K
}
Event: 6370,963 GC heap before
{Heap before GC invocations=62 (full 7):
 PSYoungGen      total 534528K, used 498723K [0x00000000d5580000, 0x0000000100000000, 0x0000000100000000)
  eden space 394752K, 100% used [0x00000000d5580000,0x00000000ed700000,0x00000000ed700000)
  from space 139776K, 74% used [0x00000000f7580000,0x00000000fdb08e88,0x00000000ffe00000)
  to   space 152064K, 0% used [0x00000000ed700000,0x00000000ed700000,0x00000000f6b80000)
 ParOldGen       total 590336K, used 303379K [0x0000000080000000, 0x00000000a4080000, 0x00000000d5580000)
  object space 590336K, 51% used [0x0000000080000000,0x0000000092844d48,0x00000000a4080000)
 Metaspace       used 210227K, capacity 221794K, committed 222144K, reserved 1243136K
  class space    used 26526K, capacity 28794K, committed 28904K, reserved 1048576K
Event: 6371,318 GC heap after
Heap after GC invocations=62 (full 7):
 PSYoungGen      total 546816K, used 74176K [0x00000000d5580000, 0x0000000100000000, 0x0000000100000000)
  eden space 394752K, 0% used [0x00000000d5580000,0x00000000d5580000,0x00000000ed700000)
  from space 152064K, 48% used [0x00000000ed700000,0x00000000f1f701d8,0x00000000f6b80000)
  to   space 150528K, 0% used [0x00000000f6d00000,0x00000000f6d00000,0x0000000100000000)
 ParOldGen       total 590336K, used 372814K [0x0000000080000000, 0x00000000a4080000, 0x00000000d5580000)
  object space 590336K, 63% used [0x0000000080000000,0x0000000096c13b50,0x00000000a4080000)
 Metaspace       used 210227K, capacity 221794K, committed 222144K, reserved 1243136K
  class space    used 26526K, capacity 28794K, committed 28904K, reserved 1048576K
}
Event: 6450,525 GC heap before
{Heap before GC invocations=63 (full 7):
 PSYoungGen      total 546816K, used 468928K [0x00000000d5580000, 0x0000000100000000, 0x0000000100000000)
  eden space 394752K, 100% used [0x00000000d5580000,0x00000000ed700000,0x00000000ed700000)
  from space 152064K, 48% used [0x00000000ed700000,0x00000000f1f701d8,0x00000000f6b80000)
  to   space 150528K, 0% used [0x00000000f6d00000,0x00000000f6d00000,0x0000000100000000)
 ParOldGen       total 590336K, used 372814K [0x0000000080000000, 0x00000000a4080000, 0x00000000d5580000)
  object space 590336K, 63% used [0x0000000080000000,0x0000000096c13b50,0x00000000a4080000)
 Metaspace       used 211320K, capacity 224308K, committed 224576K, reserved 1245184K
  class space    used 26740K, capacity 29191K, committed 29288K, reserved 1048576K
Event: 6450,621 GC heap after
Heap after GC invocations=63 (full 7):
 PSYoungGen      total 537088K, used 22015K [0x00000000d5580000, 0x00000000ff680000, 0x0000000100000000)
  eden space 396288K, 0% used [0x00000000d5580000,0x00000000d5580000,0x00000000ed880000)
  from space 140800K, 15% used [0x00000000f6d00000,0x00000000f827fcb0,0x00000000ff680000)
  to   space 146432K, 0% used [0x00000000ed880000,0x00000000ed880000,0x00000000f6780000)
 ParOldGen       total 590336K, used 378687K [0x0000000080000000, 0x00000000a4080000, 0x00000000d5580000)
  object space 590336K, 64% used [0x0000000080000000,0x00000000971cfdb8,0x00000000a4080000)
 Metaspace       used 211320K, capacity 224308K, committed 224576K, reserved 1245184K
  class space    used 26740K, capacity 29191K, committed 29288K, reserved 1048576K
}
Event: 6456,016 GC heap before
{Heap before GC invocations=64 (full 7):
 PSYoungGen      total 537088K, used 418303K [0x00000000d5580000, 0x00000000ff680000, 0x0000000100000000)
  eden space 396288K, 100% used [0x00000000d5580000,0x00000000ed880000,0x00000000ed880000)
  from space 140800K, 15% used [0x00000000f6d00000,0x00000000f827fcb0,0x00000000ff680000)
  to   space 146432K, 0% used [0x00000000ed880000,0x00000000ed880000,0x00000000f6780000)
 ParOldGen       total 590336K, used 378687K [0x0000000080000000, 0x00000000a4080000, 0x00000000d5580000)
  object space 590336K, 64% used [0x0000000080000000,0x00000000971cfdb8,0x00000000a4080000)
 Metaspace       used 211514K, capacity 224810K, committed 225088K, reserved 1245184K
  class space    used 26781K, capacity 29264K, committed 29288K, reserved 1048576K
Event: 6456,097 GC heap after
Heap after GC invocations=64 (full 7):
 PSYoungGen      total 542720K, used 14243K [0x00000000d5580000, 0x00000000ffe80000, 0x0000000100000000)
  eden space 396288K, 0% used [0x00000000d5580000,0x00000000d5580000,0x00000000ed880000)
  from space 146432K, 9% used [0x00000000ed880000,0x00000000ee668e10,0x00000000f6780000)
  to   space 142848K, 0% used [0x00000000f7300000,0x00000000f7300000,0x00000000ffe80000)
 ParOldGen       total 590336K, used 387024K [0x0000000080000000, 0x00000000a4080000, 0x00000000d5580000)
  object space 590336K, 65% used [0x0000000080000000,0x00000000979f4138,0x00000000a4080000)
 Metaspace       used 211514K, capacity 224810K, committed 225088K, reserved 1245184K
  class space    used 26781K, capacity 29264K, committed 29288K, reserved 1048576K
}

